INFO 2024-02-23 11:09:52,697 views 7432 13612 Data fetched Successfully
ERROR 2024-02-23 11:09:52,700 views 7432 13612 This is error log
INFO 2024-02-23 11:12:42,606 views 8676 9980 Data fetched Successfully
ERROR 2024-02-23 11:12:42,609 views 8676 9980 This is error log
INFO 2024-02-23 11:12:57,041 views 8676 6016 Data fetched Successfully
ERROR 2024-02-23 11:12:57,044 views 8676 6016 This is error log
INFO 2024-02-23 11:31:21,803 views 5608 9008 Data fetched Successfully
ERROR 2024-02-23 11:31:21,808 views 5608 9008 This is error log
INFO 2024-02-23 11:32:23,834 views 5608 9612 Data fetched Successfully
ERROR 2024-02-23 11:32:23,837 views 5608 9612 This is error log
ERROR 2024-02-23 11:32:38,911 views 5608 9612 This error Added time log
ERROR 2024-02-23 11:33:05,209 views 5608 9612 This error Added time log
INFO 2024-02-23 11:33:39,185 views 5608 9612 Data fetched Successfully
ERROR 2024-02-23 11:33:39,187 views 5608 9612 This is error log
ERROR 2024-02-23 11:45:04,153 views 2004 192 This error Added time log
ERROR 2024-02-23 11:51:13,283 views 2004 192 This error Added time log
ERROR 2024-02-23 11:53:17,606 views 13320 14212 This error Added time log
ERROR 2024-02-23 11:55:51,768 views 13320 14212 This error Added time log
ERROR 2024-02-23 14:27:55,997 views 11604 9284 This error Added time log
ERROR 2024-02-23 14:29:36,075 views 6372 9112 This error Added time log
INFO 2024-02-23 14:30:08,924 views 11932 5004 Data Added successfully
INFO 2024-02-23 14:31:05,231 views 11932 5004 Data fetched Successfully
INFO 2024-02-23 15:10:55,016 views 10332 13576 User created successfully
INFO 2024-02-23 15:22:29,743 views 10332 13576 User created successfully
INFO 2024-02-23 15:25:51,816 views 10332 13576 Data Added successfully
